Using pre-set license
Built from '2020.2/release' branch; Version is '2020.2.1f1 (270dd8c3da1c) revision 2559448'; Using compiler version '192528614'; Build Type 'Release'
OS: 'Windows 10  (10.0.0) 64bit' Language: 'en' Physical Memory: 16299 MB
BatchMode: 1, IsHumanControllingUs: 0, StartBugReporterOnCrash: 0, Is64bit: 1, IsPro: 0

 COMMAND LINE ARGUMENTS:
C:\Program Files\Unity\Hub\Editor\2020.2.1f1\Editor\Unity.exe
-adb2
-batchMode
-noUpm
-name
AssetImportWorker0
-projectPath
C:/Users/thejo/Documents/GitHub/FeedTheBeast/Feed the Beast
-logFile
Logs/AssetImportWorker0.log
-srvPort
53372
Successfully changed project path to: C:/Users/thejo/Documents/GitHub/FeedTheBeast/Feed the Beast
C:/Users/thejo/Documents/GitHub/FeedTheBeast/Feed the Beast
Using Asset Import Pipeline V2.
Refreshing native plugins compatible for Editor in 38.72 ms, found 1 plugins.
Preloading 0 native plugins for Editor in 0.00 ms.
Initialize engine version: 2020.2.1f1 (270dd8c3da1c)
[Subsystems] Discovering subsystems at path C:/Program Files/Unity/Hub/Editor/2020.2.1f1/Editor/Data/Resources/UnitySubsystems
[Subsystems] Discovering subsystems at path C:/Users/thejo/Documents/GitHub/FeedTheBeast/Feed the Beast/Assets
GfxDevice: creating device client; threaded=0
Direct3D:
    Version:  Direct3D 11.0 [level 11.1]
    Renderer: NVIDIA GeForce GTX 1070 (ID=0x1b81)
    Vendor:   
    VRAM:     8088 MB
    Driver:   27.21.14.6109
Initialize mono
Mono path[0] = 'C:/Program Files/Unity/Hub/Editor/2020.2.1f1/Editor/Data/Managed'
Mono path[1] = 'C:/Program Files/Unity/Hub/Editor/2020.2.1f1/Editor/Data/MonoBleedingEdge/lib/mono/unityjit'
Mono config path = 'C:/Program Files/Unity/Hub/Editor/2020.2.1f1/Editor/Data/MonoBleedingEdge/etc'
Using monoOptions --debugger-agent=transport=dt_socket,embedding=1,server=y,suspend=n,address=127.0.0.1:56664
Begin MonoManager ReloadAssembly
Registering precompiled unity dll's ...
Register platform support module: C:/Program Files/Unity/Hub/Editor/2020.2.1f1/Editor/Data/PlaybackEngines/WindowsStandaloneSupport/UnityEditor.WindowsStandalone.Extensions.dll
Registered in 0.001786 seconds.
Native extension for WindowsStandalone target not found
Refreshing native plugins compatible for Editor in 42.65 ms, found 1 plugins.
Preloading 0 native plugins for Editor in 0.00 ms.
Invoked RoslynAnalysisRunner static constructor.
RoslynAnalysisRunner will not be running.
RoslynAnalysisRunner has terminated.
Mono: successfully reloaded assembly
- Completed reload, in  1.223 seconds
Platform modules already initialized, skipping
Registering precompiled user dll's ...
Registered in 0.001515 seconds.
Begin MonoManager ReloadAssembly
Native extension for WindowsStandalone target not found
Refreshing native plugins compatible for Editor in 38.02 ms, found 1 plugins.
Preloading 0 native plugins for Editor in 0.00 ms.
Invoked RoslynAnalysisRunner static constructor.
RoslynAnalysisRunner will not be running.
RoslynAnalysisRunner has terminated.
Mono: successfully reloaded assembly
- Completed reload, in  1.029 seconds
Platform modules already initialized, skipping
========================================================================
Worker process is ready to serve import requests
Launched and connected shader compiler UnityShaderCompiler.exe after 0.04 seconds
Refreshing native plugins compatible for Editor in 0.33 ms, found 1 plugins.
Preloading 0 native plugins for Editor in 0.00 ms.
Unloading 1824 Unused Serialized files (Serialized files now loaded: 0)
System memory in use before: 84.7 MB.
System memory in use after: 84.7 MB.

Unloading 24 unused Assets to reduce memory usage. Loaded Objects now: 2264.
Total: 2.104000 ms (FindLiveObjects: 0.196900 ms CreateObjectMapping: 0.068300 ms MarkObjects: 1.698500 ms  DeleteObjects: 0.139400 ms)

========================================================================
Received Import Request.
  path: Assets/Art/Point Indicator.overrideController
  artifactKey: Guid(a4278bbc076e21048af710a2d2fd71dd) Importer(815301076,1909f56bfc062723c751e8b465ee728b)
Start importing Assets/Art/Point Indicator.overrideController using Guid(a4278bbc076e21048af710a2d2fd71dd) Importer(815301076,1909f56bfc062723c751e8b465ee728b)  -> (artifact id: '4df1547583ed1d25f482138de5dfaa74') in 0.052908 seconds
  Import took 0.056544 seconds .

========================================================================
Received Import Request.
  Time since last request: 0.000488 seconds.
  path: Assets/Art/tilemap.png
  artifactKey: Guid(5eb9bb3802cb433429edc5f5d3d4e6c7) Importer(815301076,1909f56bfc062723c751e8b465ee728b)
Start importing Assets/Art/tilemap.png using Guid(5eb9bb3802cb433429edc5f5d3d4e6c7) Importer(815301076,1909f56bfc062723c751e8b465ee728b)  -> (artifact id: '3a188b06b5d07c74afc45ee27ade46a2') in 0.144087 seconds
  Import took 0.147109 seconds .

========================================================================
Received Import Request.
  Time since last request: 0.000244 seconds.
  path: Assets/Art/Unit Shadow.png
  artifactKey: Guid(bae9dc05318530b4b9d94703822d3f65) Importer(815301076,1909f56bfc062723c751e8b465ee728b)
Start importing Assets/Art/Unit Shadow.png using Guid(bae9dc05318530b4b9d94703822d3f65) Importer(815301076,1909f56bfc062723c751e8b465ee728b)  -> (artifact id: '6527a9b9082073ec2504e34b31482cbb') in 0.020977 seconds
  Import took 0.025478 seconds .

========================================================================
Received Import Request.
  Time since last request: 0.000332 seconds.
  path: Assets/Art/Point Indicator.png
  artifactKey: Guid(ee72d58e1acc45342bf618d501cb0a49) Importer(815301076,1909f56bfc062723c751e8b465ee728b)
Start importing Assets/Art/Point Indicator.png using Guid(ee72d58e1acc45342bf618d501cb0a49) Importer(815301076,1909f56bfc062723c751e8b465ee728b)  -> (artifact id: '20a4e674458b5b63974d03b04fed55c7') in 0.027644 seconds
  Import took 0.037745 seconds .

========================================================================
Received Import Request.
  Time since last request: 0.000291 seconds.
  path: Assets/Art/Beast Stage 2.png
  artifactKey: Guid(eb46c37443dc01d44b62e29701b56474) Importer(815301076,1909f56bfc062723c751e8b465ee728b)
Start importing Assets/Art/Beast Stage 2.png using Guid(eb46c37443dc01d44b62e29701b56474) Importer(815301076,1909f56bfc062723c751e8b465ee728b)  -> (artifact id: 'aa23daba54fe8cfd6008c72288a44336') in 0.033839 seconds
  Import took 0.036942 seconds .

========================================================================
Received Import Request.
  Time since last request: 0.000222 seconds.
  path: Assets/Art/Food.png
  artifactKey: Guid(e67e992939e328648b97adfdfa1df951) Importer(815301076,1909f56bfc062723c751e8b465ee728b)
Start importing Assets/Art/Food.png using Guid(e67e992939e328648b97adfdfa1df951) Importer(815301076,1909f56bfc062723c751e8b465ee728b)  -> (artifact id: '744925f139de81106186bdc455437d34') in 0.029916 seconds
  Import took 0.033297 seconds .

========================================================================
Received Import Request.
  Time since last request: 0.000216 seconds.
  path: Assets/Art/Baddie.png
  artifactKey: Guid(dbfad8100930a5440ae7e74aa45899c4) Importer(815301076,1909f56bfc062723c751e8b465ee728b)
Start importing Assets/Art/Baddie.png using Guid(dbfad8100930a5440ae7e74aa45899c4) Importer(815301076,1909f56bfc062723c751e8b465ee728b)  -> (artifact id: 'a283da5e9a8ed7407c068a2655c2112a') in 0.022755 seconds
  Import took 0.026473 seconds .

========================================================================
Received Import Request.
  Time since last request: 0.000170 seconds.
  path: Assets/Art/Food Shadow Pickup.overrideController
  artifactKey: Guid(d2cb983a1fe7dd14793a85ea4a32701f) Importer(815301076,1909f56bfc062723c751e8b465ee728b)
Start importing Assets/Art/Food Shadow Pickup.overrideController using Guid(d2cb983a1fe7dd14793a85ea4a32701f) Importer(815301076,1909f56bfc062723c751e8b465ee728b)  -> (artifact id: '8c0dff550b15f36060a560efe649b8a5') in 0.007582 seconds
  Import took 0.011117 seconds .

========================================================================
Received Import Request.
  Time since last request: 0.000204 seconds.
  path: Assets/Art/SelectorBox.png
  artifactKey: Guid(edcb304f61a338547bebb1d7bc8b9c2c) Importer(815301076,1909f56bfc062723c751e8b465ee728b)
Start importing Assets/Art/SelectorBox.png using Guid(edcb304f61a338547bebb1d7bc8b9c2c) Importer(815301076,1909f56bfc062723c751e8b465ee728b)  -> (artifact id: '5dfbd131b119464d5ebfe65e73257839') in 0.015609 seconds
  Import took 0.021022 seconds .

========================================================================
Received Import Request.
  Time since last request: 0.000058 seconds.
  path: Assets/Art/Showcase enlarged.png
  artifactKey: Guid(21227976b5b2069429b5f9f6a8dd63a2) Importer(815301076,1909f56bfc062723c751e8b465ee728b)
Start importing Assets/Art/Showcase enlarged.png using Guid(21227976b5b2069429b5f9f6a8dd63a2) Importer(815301076,1909f56bfc062723c751e8b465ee728b)  -> (artifact id: 'c54537df2b9e84ee3186b43fe26a0163') in 0.019439 seconds
  Import took 0.024223 seconds .

========================================================================
Received Import Request.
  Time since last request: 0.000202 seconds.
  path: Assets/Art/FoodShadow.png
  artifactKey: Guid(1984c6dc488287a41aeb3b3b028d058c) Importer(815301076,1909f56bfc062723c751e8b465ee728b)
Start importing Assets/Art/FoodShadow.png using Guid(1984c6dc488287a41aeb3b3b028d058c) Importer(815301076,1909f56bfc062723c751e8b465ee728b)  -> (artifact id: '595c96ba6d5ef0a94fe42e3ddbaff908') in 0.034675 seconds
  Import took 0.038038 seconds .

========================================================================
Received Import Request.
  Time since last request: 15.277245 seconds.
  path: Assets/Art/UI
  artifactKey: Guid(076ebf32bebcb6e438c3644eba25556a) Importer(815301076,1909f56bfc062723c751e8b465ee728b)
Start importing Assets/Art/UI using Guid(076ebf32bebcb6e438c3644eba25556a) Importer(815301076,1909f56bfc062723c751e8b465ee728b)  -> (artifact id: '031d52898f9cb07bdf761fa662392f6f') in 0.007436 seconds
  Import took 0.011031 seconds .

========================================================================
Received Import Request.
  Time since last request: 0.033869 seconds.
  path: Assets/Art/UI/Reticle_NE.png
  artifactKey: Guid(313961e372504ea42aae0f24aa7fc282) Importer(815301076,1909f56bfc062723c751e8b465ee728b)
Start importing Assets/Art/UI/Reticle_NE.png using Guid(313961e372504ea42aae0f24aa7fc282) Importer(815301076,1909f56bfc062723c751e8b465ee728b)  -> (artifact id: '2974e03e5cb0a5778c66b7e2272eb2d8') in 0.028875 seconds
  Import took 0.032291 seconds .

========================================================================
Received Import Request.
  Time since last request: 0.000380 seconds.
  path: Assets/Art/UI/Reticle_SE.png
  artifactKey: Guid(600995f9b36fdee469977c1df87e0b25) Importer(815301076,1909f56bfc062723c751e8b465ee728b)
Start importing Assets/Art/UI/Reticle_SE.png using Guid(600995f9b36fdee469977c1df87e0b25) Importer(815301076,1909f56bfc062723c751e8b465ee728b)  -> (artifact id: '79ee6d3fdef41ef1c4f3457ec3203824') in 0.028025 seconds
  Import took 0.030838 seconds .

========================================================================
Received Import Request.
  Time since last request: 0.000308 seconds.
  path: Assets/Art/UI/TargetReticle.png
  artifactKey: Guid(3af9876f77126474db6bf1c9c24eade9) Importer(815301076,1909f56bfc062723c751e8b465ee728b)
Start importing Assets/Art/UI/TargetReticle.png using Guid(3af9876f77126474db6bf1c9c24eade9) Importer(815301076,1909f56bfc062723c751e8b465ee728b)  -> (artifact id: '8b15bb9f19a4ccd6727d9a4462d190f6') in 0.013423 seconds
  Import took 0.016986 seconds .

========================================================================
Received Import Request.
  Time since last request: 0.000254 seconds.
  path: Assets/Art/UI/Reticle_SW.overrideController
  artifactKey: Guid(7a92c23ba936895469fde1c7abdfc27c) Importer(815301076,1909f56bfc062723c751e8b465ee728b)
Start importing Assets/Art/UI/Reticle_SW.overrideController using Guid(7a92c23ba936895469fde1c7abdfc27c) Importer(815301076,1909f56bfc062723c751e8b465ee728b)  -> (artifact id: 'bbd2f87c5bba7dce97ee232e1546c3d4') in 0.009357 seconds
  Import took 0.013252 seconds .

========================================================================
Received Import Request.
  Time since last request: 0.000272 seconds.
  path: Assets/Art/UI/Reticle_SW.png
  artifactKey: Guid(81ad23c462faee7419c8fe0c2c37711a) Importer(815301076,1909f56bfc062723c751e8b465ee728b)
Start importing Assets/Art/UI/Reticle_SW.png using Guid(81ad23c462faee7419c8fe0c2c37711a) Importer(815301076,1909f56bfc062723c751e8b465ee728b)  -> (artifact id: '3ebc828d8d72084ab6cb11cdf7083c86') in 0.031734 seconds
  Import took 0.035060 seconds .

========================================================================
Received Import Request.
  Time since last request: 0.000100 seconds.
  path: Assets/Art/UI/Reticle_NW.overrideController
  artifactKey: Guid(7ad94f2fcfc44844ca969a38cf7305d9) Importer(815301076,1909f56bfc062723c751e8b465ee728b)
Start importing Assets/Art/UI/Reticle_NW.overrideController using Guid(7ad94f2fcfc44844ca969a38cf7305d9) Importer(815301076,1909f56bfc062723c751e8b465ee728b)  -> (artifact id: '3c40b398522ae63c5ae754820917bd98') in 0.009633 seconds
  Import took 0.013413 seconds .

========================================================================
Received Import Request.
  Time since last request: 0.000285 seconds.
  path: Assets/Art/UI/Reticle_NW.png
  artifactKey: Guid(b7e6d3207cfa1804b8924cd91b1c1871) Importer(815301076,1909f56bfc062723c751e8b465ee728b)
Start importing Assets/Art/UI/Reticle_NW.png using Guid(b7e6d3207cfa1804b8924cd91b1c1871) Importer(815301076,1909f56bfc062723c751e8b465ee728b)  -> (artifact id: 'f19144e888ad26189a3d0fba590acf8e') in 0.031482 seconds
  Import took 0.035444 seconds .

========================================================================
Received Import Request.
  Time since last request: 0.000183 seconds.
  path: Assets/Art/UI/Reticle_SE.overrideController
  artifactKey: Guid(0bec346df96d350479dc2044d9c63649) Importer(815301076,1909f56bfc062723c751e8b465ee728b)
Start importing Assets/Art/UI/Reticle_SE.overrideController using Guid(0bec346df96d350479dc2044d9c63649) Importer(815301076,1909f56bfc062723c751e8b465ee728b)  -> (artifact id: '4260f462868ba5ff93da65dbf7cecab1') in 0.007641 seconds
  Import took 0.010909 seconds .

========================================================================
Received Prepare
Registering precompiled user dll's ...
Registered in 0.001530 seconds.
Begin MonoManager ReloadAssembly
Native extension for WindowsStandalone target not found
Refreshing native plugins compatible for Editor in 0.33 ms, found 1 plugins.
Preloading 0 native plugins for Editor in 0.00 ms.
Invoked RoslynAnalysisRunner static constructor.
RoslynAnalysisRunner will not be running.
RoslynAnalysisRunner has terminated.
Mono: successfully reloaded assembly
- Completed reload, in  1.264 seconds
Platform modules already initialized, skipping
Refreshing native plugins compatible for Editor in 0.60 ms, found 1 plugins.
Preloading 0 native plugins for Editor in 0.00 ms.
Unloading 1819 Unused Serialized files (Serialized files now loaded: 0)
System memory in use before: 87.9 MB.
System memory in use after: 87.9 MB.

Unloading 12 unused Assets to reduce memory usage. Loaded Objects now: 2298.
Total: 3.197100 ms (FindLiveObjects: 0.234900 ms CreateObjectMapping: 0.104500 ms MarkObjects: 2.746800 ms  DeleteObjects: 0.109200 ms)

========================================================================
Received Prepare
Registering precompiled user dll's ...
Registered in 0.001358 seconds.
Begin MonoManager ReloadAssembly
Native extension for WindowsStandalone target not found
Refreshing native plugins compatible for Editor in 0.44 ms, found 1 plugins.
Preloading 0 native plugins for Editor in 0.00 ms.
Invoked RoslynAnalysisRunner static constructor.
RoslynAnalysisRunner will not be running.
RoslynAnalysisRunner has terminated.
Mono: successfully reloaded assembly
- Completed reload, in  0.910 seconds
Platform modules already initialized, skipping
Refreshing native plugins compatible for Editor in 0.75 ms, found 1 plugins.
Preloading 0 native plugins for Editor in 0.00 ms.
Unloading 1819 Unused Serialized files (Serialized files now loaded: 0)
System memory in use before: 88.0 MB.
System memory in use after: 88.0 MB.

Unloading 12 unused Assets to reduce memory usage. Loaded Objects now: 2301.
Total: 2.994600 ms (FindLiveObjects: 0.604500 ms CreateObjectMapping: 0.125300 ms MarkObjects: 2.081200 ms  DeleteObjects: 0.182200 ms)

========================================================================
Received Prepare
Registering precompiled user dll's ...
Registered in 0.001020 seconds.
Begin MonoManager ReloadAssembly
Native extension for WindowsStandalone target not found
Refreshing native plugins compatible for Editor in 0.34 ms, found 1 plugins.
Preloading 0 native plugins for Editor in 0.00 ms.
Invoked RoslynAnalysisRunner static constructor.
RoslynAnalysisRunner will not be running.
RoslynAnalysisRunner has terminated.
Mono: successfully reloaded assembly
- Completed reload, in  0.855 seconds
Platform modules already initialized, skipping
Refreshing native plugins compatible for Editor in 0.43 ms, found 1 plugins.
Preloading 0 native plugins for Editor in 0.00 ms.
Unloading 1819 Unused Serialized files (Serialized files now loaded: 0)
System memory in use before: 88.1 MB.
System memory in use after: 88.1 MB.

Unloading 12 unused Assets to reduce memory usage. Loaded Objects now: 2304.
Total: 1.888900 ms (FindLiveObjects: 0.217600 ms CreateObjectMapping: 0.071900 ms MarkObjects: 1.504400 ms  DeleteObjects: 0.093700 ms)

========================================================================
Received Prepare
Registering precompiled user dll's ...
Registered in 0.001828 seconds.
Begin MonoManager ReloadAssembly
Native extension for WindowsStandalone target not found
Refreshing native plugins compatible for Editor in 0.45 ms, found 1 plugins.
Preloading 0 native plugins for Editor in 0.00 ms.
Invoked RoslynAnalysisRunner static constructor.
RoslynAnalysisRunner will not be running.
RoslynAnalysisRunner has terminated.
Mono: successfully reloaded assembly
- Completed reload, in  0.900 seconds
Platform modules already initialized, skipping
Refreshing native plugins compatible for Editor in 0.40 ms, found 1 plugins.
Preloading 0 native plugins for Editor in 0.00 ms.
Unloading 1819 Unused Serialized files (Serialized files now loaded: 0)
System memory in use before: 88.2 MB.
System memory in use after: 88.2 MB.

Unloading 12 unused Assets to reduce memory usage. Loaded Objects now: 2307.
Total: 2.437500 ms (FindLiveObjects: 0.318200 ms CreateObjectMapping: 0.136000 ms MarkObjects: 1.816900 ms  DeleteObjects: 0.165500 ms)

========================================================================
Received Prepare
Registering precompiled user dll's ...
Registered in 0.002074 seconds.
Begin MonoManager ReloadAssembly
Native extension for WindowsStandalone target not found
Refreshing native plugins compatible for Editor in 0.37 ms, found 1 plugins.
Preloading 0 native plugins for Editor in 0.00 ms.
Invoked RoslynAnalysisRunner static constructor.
RoslynAnalysisRunner will not be running.
RoslynAnalysisRunner has terminated.
Mono: successfully reloaded assembly
- Completed reload, in  0.879 seconds
Platform modules already initialized, skipping
Refreshing native plugins compatible for Editor in 0.33 ms, found 1 plugins.
Preloading 0 native plugins for Editor in 0.00 ms.
Unloading 1819 Unused Serialized files (Serialized files now loaded: 0)
System memory in use before: 88.3 MB.
System memory in use after: 88.3 MB.

Unloading 12 unused Assets to reduce memory usage. Loaded Objects now: 2310.
Total: 2.079400 ms (FindLiveObjects: 0.211000 ms CreateObjectMapping: 0.068800 ms MarkObjects: 1.651000 ms  DeleteObjects: 0.135200 ms)

========================================================================
Received Prepare
Registering precompiled user dll's ...
Registered in 0.001061 seconds.
Begin MonoManager ReloadAssembly
Native extension for WindowsStandalone target not found
Refreshing native plugins compatible for Editor in 0.34 ms, found 1 plugins.
Preloading 0 native plugins for Editor in 0.00 ms.
Invoked RoslynAnalysisRunner static constructor.
RoslynAnalysisRunner will not be running.
RoslynAnalysisRunner has terminated.
Mono: successfully reloaded assembly
- Completed reload, in  0.841 seconds
Platform modules already initialized, skipping
Refreshing native plugins compatible for Editor in 0.56 ms, found 1 plugins.
Preloading 0 native plugins for Editor in 0.00 ms.
Unloading 1819 Unused Serialized files (Serialized files now loaded: 0)
System memory in use before: 88.4 MB.
System memory in use after: 88.4 MB.

Unloading 12 unused Assets to reduce memory usage. Loaded Objects now: 2313.
Total: 1.943200 ms (FindLiveObjects: 0.258900 ms CreateObjectMapping: 0.079100 ms MarkObjects: 1.461200 ms  DeleteObjects: 0.143000 ms)

========================================================================
Received Prepare
Registering precompiled user dll's ...
Registered in 0.001068 seconds.
Begin MonoManager ReloadAssembly
Native extension for WindowsStandalone target not found
Refreshing native plugins compatible for Editor in 0.41 ms, found 1 plugins.
Preloading 0 native plugins for Editor in 0.00 ms.
Invoked RoslynAnalysisRunner static constructor.
RoslynAnalysisRunner will not be running.
RoslynAnalysisRunner has terminated.
Mono: successfully reloaded assembly
- Completed reload, in  0.956 seconds
Platform modules already initialized, skipping
Refreshing native plugins compatible for Editor in 0.34 ms, found 1 plugins.
Preloading 0 native plugins for Editor in 0.00 ms.
Unloading 1819 Unused Serialized files (Serialized files now loaded: 0)
System memory in use before: 88.5 MB.
System memory in use after: 88.5 MB.

Unloading 12 unused Assets to reduce memory usage. Loaded Objects now: 2316.
Total: 2.207400 ms (FindLiveObjects: 0.208500 ms CreateObjectMapping: 0.068200 ms MarkObjects: 1.750500 ms  DeleteObjects: 0.179100 ms)

========================================================================
Received Prepare
Registering precompiled user dll's ...
Registered in 0.001174 seconds.
Begin MonoManager ReloadAssembly
Native extension for WindowsStandalone target not found
Refreshing native plugins compatible for Editor in 0.34 ms, found 1 plugins.
Preloading 0 native plugins for Editor in 0.00 ms.
Invoked RoslynAnalysisRunner static constructor.
RoslynAnalysisRunner will not be running.
RoslynAnalysisRunner has terminated.
Mono: successfully reloaded assembly
- Completed reload, in  0.929 seconds
Platform modules already initialized, skipping
Refreshing native plugins compatible for Editor in 0.34 ms, found 1 plugins.
Preloading 0 native plugins for Editor in 0.00 ms.
Unloading 1819 Unused Serialized files (Serialized files now loaded: 0)
System memory in use before: 88.6 MB.
System memory in use after: 88.6 MB.

Unloading 12 unused Assets to reduce memory usage. Loaded Objects now: 2319.
Total: 2.144100 ms (FindLiveObjects: 0.191700 ms CreateObjectMapping: 0.064600 ms MarkObjects: 1.746000 ms  DeleteObjects: 0.140500 ms)

========================================================================
Received Prepare
Registering precompiled user dll's ...
Registered in 0.000963 seconds.
Begin MonoManager ReloadAssembly
Native extension for WindowsStandalone target not found
Refreshing native plugins compatible for Editor in 0.34 ms, found 1 plugins.
Preloading 0 native plugins for Editor in 0.00 ms.
Invoked RoslynAnalysisRunner static constructor.
RoslynAnalysisRunner will not be running.
RoslynAnalysisRunner has terminated.
Mono: successfully reloaded assembly
- Completed reload, in  0.832 seconds
Platform modules already initialized, skipping
Refreshing native plugins compatible for Editor in 0.34 ms, found 1 plugins.
Preloading 0 native plugins for Editor in 0.00 ms.
Unloading 1819 Unused Serialized files (Serialized files now loaded: 0)
System memory in use before: 88.7 MB.
System memory in use after: 88.7 MB.

Unloading 12 unused Assets to reduce memory usage. Loaded Objects now: 2322.
Total: 2.069700 ms (FindLiveObjects: 0.216900 ms CreateObjectMapping: 0.069500 ms MarkObjects: 1.695400 ms  DeleteObjects: 0.086900 ms)

========================================================================
Received Prepare
Registering precompiled user dll's ...
Registered in 0.000985 seconds.
Begin MonoManager ReloadAssembly
Native extension for WindowsStandalone target not found
Refreshing native plugins compatible for Editor in 0.40 ms, found 1 plugins.
Preloading 0 native plugins for Editor in 0.00 ms.
Invoked RoslynAnalysisRunner static constructor.
RoslynAnalysisRunner will not be running.
RoslynAnalysisRunner has terminated.
Mono: successfully reloaded assembly
- Completed reload, in  0.863 seconds
Platform modules already initialized, skipping
Refreshing native plugins compatible for Editor in 0.36 ms, found 1 plugins.
Preloading 0 native plugins for Editor in 0.00 ms.
Unloading 1819 Unused Serialized files (Serialized files now loaded: 0)
System memory in use before: 88.8 MB.
System memory in use after: 88.8 MB.

Unloading 12 unused Assets to reduce memory usage. Loaded Objects now: 2325.
Total: 2.063300 ms (FindLiveObjects: 0.251800 ms CreateObjectMapping: 0.077400 ms MarkObjects: 1.613700 ms  DeleteObjects: 0.119600 ms)

========================================================================
Received Prepare
Registering precompiled user dll's ...
Registered in 0.000976 seconds.
Begin MonoManager ReloadAssembly
Native extension for WindowsStandalone target not found
Refreshing native plugins compatible for Editor in 0.33 ms, found 1 plugins.
Preloading 0 native plugins for Editor in 0.00 ms.
Invoked RoslynAnalysisRunner static constructor.
RoslynAnalysisRunner will not be running.
RoslynAnalysisRunner has terminated.
Mono: successfully reloaded assembly
- Completed reload, in  0.872 seconds
Platform modules already initialized, skipping
Refreshing native plugins compatible for Editor in 0.33 ms, found 1 plugins.
Preloading 0 native plugins for Editor in 0.00 ms.
Unloading 1819 Unused Serialized files (Serialized files now loaded: 0)
System memory in use before: 88.9 MB.
System memory in use after: 88.9 MB.

Unloading 12 unused Assets to reduce memory usage. Loaded Objects now: 2328.
Total: 2.185500 ms (FindLiveObjects: 0.239800 ms CreateObjectMapping: 0.060500 ms MarkObjects: 1.740000 ms  DeleteObjects: 0.132000 ms)

========================================================================
Received Prepare
Registering precompiled user dll's ...
Registered in 0.001223 seconds.
Begin MonoManager ReloadAssembly
Native extension for WindowsStandalone target not found
Refreshing native plugins compatible for Editor in 0.34 ms, found 1 plugins.
Preloading 0 native plugins for Editor in 0.00 ms.
Invoked RoslynAnalysisRunner static constructor.
RoslynAnalysisRunner will not be running.
RoslynAnalysisRunner has terminated.
Mono: successfully reloaded assembly
- Completed reload, in  0.838 seconds
Platform modules already initialized, skipping
Refreshing native plugins compatible for Editor in 0.33 ms, found 1 plugins.
Preloading 0 native plugins for Editor in 0.00 ms.
Unloading 1819 Unused Serialized files (Serialized files now loaded: 0)
System memory in use before: 89.0 MB.
System memory in use after: 89.0 MB.

Unloading 12 unused Assets to reduce memory usage. Loaded Objects now: 2331.
Total: 2.212300 ms (FindLiveObjects: 0.250500 ms CreateObjectMapping: 0.157700 ms MarkObjects: 1.671300 ms  DeleteObjects: 0.131800 ms)

========================================================================
Received Prepare
Registering precompiled user dll's ...
Registered in 0.000995 seconds.
Begin MonoManager ReloadAssembly
Native extension for WindowsStandalone target not found
Refreshing native plugins compatible for Editor in 0.33 ms, found 1 plugins.
Preloading 0 native plugins for Editor in 0.00 ms.
Invoked RoslynAnalysisRunner static constructor.
RoslynAnalysisRunner will not be running.
RoslynAnalysisRunner has terminated.
Mono: successfully reloaded assembly
- Completed reload, in  0.835 seconds
Platform modules already initialized, skipping
Refreshing native plugins compatible for Editor in 0.34 ms, found 1 plugins.
Preloading 0 native plugins for Editor in 0.00 ms.
Unloading 1819 Unused Serialized files (Serialized files now loaded: 0)
System memory in use before: 89.1 MB.
System memory in use after: 89.1 MB.

Unloading 12 unused Assets to reduce memory usage. Loaded Objects now: 2334.
Total: 2.394900 ms (FindLiveObjects: 0.358400 ms CreateObjectMapping: 0.117600 ms MarkObjects: 1.779200 ms  DeleteObjects: 0.138600 ms)

========================================================================
Received Prepare
Registering precompiled user dll's ...
Registered in 0.001038 seconds.
Begin MonoManager ReloadAssembly
Native extension for WindowsStandalone target not found
Refreshing native plugins compatible for Editor in 0.37 ms, found 1 plugins.
Preloading 0 native plugins for Editor in 0.00 ms.
Invoked RoslynAnalysisRunner static constructor.
RoslynAnalysisRunner will not be running.
RoslynAnalysisRunner has terminated.
Mono: successfully reloaded assembly
- Completed reload, in  0.822 seconds
Platform modules already initialized, skipping
Refreshing native plugins compatible for Editor in 0.37 ms, found 1 plugins.
Preloading 0 native plugins for Editor in 0.00 ms.
Unloading 1819 Unused Serialized files (Serialized files now loaded: 0)
System memory in use before: 89.2 MB.
System memory in use after: 89.2 MB.

Unloading 12 unused Assets to reduce memory usage. Loaded Objects now: 2337.
Total: 2.313700 ms (FindLiveObjects: 0.294300 ms CreateObjectMapping: 0.091800 ms MarkObjects: 1.760300 ms  DeleteObjects: 0.165700 ms)

========================================================================
Received Prepare
Registering precompiled user dll's ...
Registered in 0.003465 seconds.
Begin MonoManager ReloadAssembly
Native extension for WindowsStandalone target not found
Refreshing native plugins compatible for Editor in 0.39 ms, found 1 plugins.
Preloading 0 native plugins for Editor in 0.00 ms.
Invoked RoslynAnalysisRunner static constructor.
RoslynAnalysisRunner will not be running.
RoslynAnalysisRunner has terminated.
Mono: successfully reloaded assembly
- Completed reload, in  0.929 seconds
Platform modules already initialized, skipping
Refreshing native plugins compatible for Editor in 0.46 ms, found 1 plugins.
Preloading 0 native plugins for Editor in 0.00 ms.
Unloading 1819 Unused Serialized files (Serialized files now loaded: 0)
System memory in use before: 89.3 MB.
System memory in use after: 89.3 MB.

Unloading 12 unused Assets to reduce memory usage. Loaded Objects now: 2340.
Total: 2.007400 ms (FindLiveObjects: 0.254900 ms CreateObjectMapping: 0.074700 ms MarkObjects: 1.503600 ms  DeleteObjects: 0.172900 ms)

========================================================================
Received Prepare
Registering precompiled user dll's ...
Registered in 0.000985 seconds.
Begin MonoManager ReloadAssembly
Native extension for WindowsStandalone target not found
Refreshing native plugins compatible for Editor in 0.32 ms, found 1 plugins.
Preloading 0 native plugins for Editor in 0.00 ms.
Invoked RoslynAnalysisRunner static constructor.
RoslynAnalysisRunner will not be running.
RoslynAnalysisRunner has terminated.
Mono: successfully reloaded assembly
- Completed reload, in  0.808 seconds
Platform modules already initialized, skipping
Refreshing native plugins compatible for Editor in 0.37 ms, found 1 plugins.
Preloading 0 native plugins for Editor in 0.00 ms.
Unloading 1819 Unused Serialized files (Serialized files now loaded: 0)
System memory in use before: 89.3 MB.
System memory in use after: 89.3 MB.

Unloading 12 unused Assets to reduce memory usage. Loaded Objects now: 2343.
Total: 2.042900 ms (FindLiveObjects: 0.206100 ms CreateObjectMapping: 0.075500 ms MarkObjects: 1.628300 ms  DeleteObjects: 0.132200 ms)

========================================================================
Received Prepare
Registering precompiled user dll's ...
Registered in 0.000993 seconds.
Begin MonoManager ReloadAssembly
Native extension for WindowsStandalone target not found
Refreshing native plugins compatible for Editor in 0.34 ms, found 1 plugins.
Preloading 0 native plugins for Editor in 0.00 ms.
Invoked RoslynAnalysisRunner static constructor.
RoslynAnalysisRunner will not be running.
RoslynAnalysisRunner has terminated.
Mono: successfully reloaded assembly
- Completed reload, in  0.860 seconds
Platform modules already initialized, skipping
Refreshing native plugins compatible for Editor in 0.63 ms, found 1 plugins.
Preloading 0 native plugins for Editor in 0.00 ms.
Unloading 1819 Unused Serialized files (Serialized files now loaded: 0)
System memory in use before: 89.4 MB.
System memory in use after: 89.4 MB.

Unloading 12 unused Assets to reduce memory usage. Loaded Objects now: 2346.
Total: 7.380300 ms (FindLiveObjects: 0.441400 ms CreateObjectMapping: 0.117200 ms MarkObjects: 6.711300 ms  DeleteObjects: 0.109000 ms)

========================================================================
Received Prepare
Registering precompiled user dll's ...
Registered in 0.001068 seconds.
Begin MonoManager ReloadAssembly
Native extension for WindowsStandalone target not found
Refreshing native plugins compatible for Editor in 0.45 ms, found 1 plugins.
Preloading 0 native plugins for Editor in 0.00 ms.
Invoked RoslynAnalysisRunner static constructor.
RoslynAnalysisRunner will not be running.
RoslynAnalysisRunner has terminated.
Mono: successfully reloaded assembly
- Completed reload, in  0.847 seconds
Platform modules already initialized, skipping
Refreshing native plugins compatible for Editor in 0.33 ms, found 1 plugins.
Preloading 0 native plugins for Editor in 0.00 ms.
Unloading 1819 Unused Serialized files (Serialized files now loaded: 0)
System memory in use before: 89.5 MB.
System memory in use after: 89.5 MB.

Unloading 12 unused Assets to reduce memory usage. Loaded Objects now: 2349.
Total: 2.042700 ms (FindLiveObjects: 0.191000 ms CreateObjectMapping: 0.068400 ms MarkObjects: 1.659700 ms  DeleteObjects: 0.122800 ms)

========================================================================
Received Prepare
Registering precompiled user dll's ...
Registered in 0.001744 seconds.
Begin MonoManager ReloadAssembly
Native extension for WindowsStandalone target not found
Refreshing native plugins compatible for Editor in 0.35 ms, found 1 plugins.
Preloading 0 native plugins for Editor in 0.00 ms.
Invoked RoslynAnalysisRunner static constructor.
RoslynAnalysisRunner will not be running.
RoslynAnalysisRunner has terminated.
Mono: successfully reloaded assembly
- Completed reload, in  0.840 seconds
Platform modules already initialized, skipping
Refreshing native plugins compatible for Editor in 0.33 ms, found 1 plugins.
Preloading 0 native plugins for Editor in 0.00 ms.
Unloading 1819 Unused Serialized files (Serialized files now loaded: 0)
System memory in use before: 89.6 MB.
System memory in use after: 89.6 MB.

Unloading 12 unused Assets to reduce memory usage. Loaded Objects now: 2352.
Total: 2.131400 ms (FindLiveObjects: 0.309700 ms CreateObjectMapping: 0.119700 ms MarkObjects: 1.576400 ms  DeleteObjects: 0.124600 ms)

========================================================================
Received Prepare
Registering precompiled user dll's ...
Registered in 0.001788 seconds.
Begin MonoManager ReloadAssembly
Native extension for WindowsStandalone target not found
Refreshing native plugins compatible for Editor in 0.35 ms, found 1 plugins.
Preloading 0 native plugins for Editor in 0.00 ms.
Invoked RoslynAnalysisRunner static constructor.
RoslynAnalysisRunner will not be running.
RoslynAnalysisRunner has terminated.
Mono: successfully reloaded assembly
- Completed reload, in  1.000 seconds
Platform modules already initialized, skipping
Refreshing native plugins compatible for Editor in 0.35 ms, found 1 plugins.
Preloading 0 native plugins for Editor in 0.00 ms.
Unloading 1819 Unused Serialized files (Serialized files now loaded: 0)
System memory in use before: 89.7 MB.
System memory in use after: 89.7 MB.

Unloading 12 unused Assets to reduce memory usage. Loaded Objects now: 2355.
Total: 3.325500 ms (FindLiveObjects: 0.361000 ms CreateObjectMapping: 0.094300 ms MarkObjects: 2.682400 ms  DeleteObjects: 0.185600 ms)

========================================================================
Received Import Request.
  Time since last request: 4857.499796 seconds.
  path: Assets/Art
  artifactKey: Guid(6ad2d0f7e48820443be97715dbba2fd9) Importer(815301076,1909f56bfc062723c751e8b465ee728b)
Start importing Assets/Art using Guid(6ad2d0f7e48820443be97715dbba2fd9) Importer(815301076,1909f56bfc062723c751e8b465ee728b)  -> (artifact id: 'd4fb67ca0574d14a7cb3ede2e69f60aa') in 0.018523 seconds
  Import took 0.023587 seconds .

========================================================================
Received Import Request.
  Time since last request: 0.001046 seconds.
  path: Assets/Art
  artifactKey: Guid(6ad2d0f7e48820443be97715dbba2fd9) Importer(815301076,1909f56bfc062723c751e8b465ee728b)
Start importing Assets/Art using Guid(6ad2d0f7e48820443be97715dbba2fd9) Importer(815301076,1909f56bfc062723c751e8b465ee728b)  -> (artifact id: 'd4fb67ca0574d14a7cb3ede2e69f60aa') in 0.007837 seconds
  Import took 0.012123 seconds .

========================================================================
Received Import Request.
  Time since last request: 8.156113 seconds.
  path: Assets/Art/UI/Food Bar.png
  artifactKey: Guid(8b6e4ac1e0f10434dbd7ad8f8ad19462) Importer(815301076,1909f56bfc062723c751e8b465ee728b)
Start importing Assets/Art/UI/Food Bar.png using Guid(8b6e4ac1e0f10434dbd7ad8f8ad19462) Importer(815301076,1909f56bfc062723c751e8b465ee728b)  -> (artifact id: 'c113a68c2890aa75853b365e63cfa361') in 0.079702 seconds
  Import took 0.083866 seconds .

========================================================================
Received Import Request.
  Time since last request: 8.450507 seconds.
  path: Assets/Art/UI/Food Bar.png
  artifactKey: Guid(8b6e4ac1e0f10434dbd7ad8f8ad19462) Importer(815301076,1909f56bfc062723c751e8b465ee728b)
Start importing Assets/Art/UI/Food Bar.png using Guid(8b6e4ac1e0f10434dbd7ad8f8ad19462) Importer(815301076,1909f56bfc062723c751e8b465ee728b)  -> (artifact id: '1c4eed974a8ef88e9ce873ed4248d543') in 0.017865 seconds
  Import took 0.021087 seconds .

========================================================================
Received Import Request.
  Time since last request: 0.000616 seconds.
  path: Assets/Art/UI/Food Bar.png
  artifactKey: Guid(8b6e4ac1e0f10434dbd7ad8f8ad19462) Importer(815301076,1909f56bfc062723c751e8b465ee728b)
Start importing Assets/Art/UI/Food Bar.png using Guid(8b6e4ac1e0f10434dbd7ad8f8ad19462) Importer(815301076,1909f56bfc062723c751e8b465ee728b)  -> (artifact id: '1c4eed974a8ef88e9ce873ed4248d543') in 0.012780 seconds
  Import took 0.016904 seconds .

========================================================================
Received Import Request.
  Time since last request: 29.645259 seconds.
  path: Assets/Art/UI/Food Bar.png
  artifactKey: Guid(8b6e4ac1e0f10434dbd7ad8f8ad19462) Importer(815301076,1909f56bfc062723c751e8b465ee728b)
Start importing Assets/Art/UI/Food Bar.png using Guid(8b6e4ac1e0f10434dbd7ad8f8ad19462) Importer(815301076,1909f56bfc062723c751e8b465ee728b)  -> (artifact id: '31896363f555a24e19b87aa8aa2d3e90') in 0.059198 seconds
  Import took 0.063180 seconds .

========================================================================
Received Import Request.
  Time since last request: 62.526862 seconds.
  path: Assets/Art/UI/Food Bar_4.controller
  artifactKey: Guid(5f6ebceed2eb4b54d95f368a8c180f5f) Importer(815301076,1909f56bfc062723c751e8b465ee728b)
Start importing Assets/Art/UI/Food Bar_4.controller using Guid(5f6ebceed2eb4b54d95f368a8c180f5f) Importer(815301076,1909f56bfc062723c751e8b465ee728b)  -> (artifact id: '1a919eb36b72804159e749b4eeab3493') in 0.013811 seconds
  Import took 0.020431 seconds .

========================================================================
Received Import Request.
  Time since last request: 0.000680 seconds.
  path: Assets/Art/UI/Food Bar_4.controller
  artifactKey: Guid(5f6ebceed2eb4b54d95f368a8c180f5f) Importer(815301076,1909f56bfc062723c751e8b465ee728b)
Start importing Assets/Art/UI/Food Bar_4.controller using Guid(5f6ebceed2eb4b54d95f368a8c180f5f) Importer(815301076,1909f56bfc062723c751e8b465ee728b)  -> (artifact id: '1a919eb36b72804159e749b4eeab3493') in 0.006625 seconds
  Import took 0.012238 seconds .

========================================================================
Received Import Request.
  Time since last request: 3.441212 seconds.
  path: Assets/Art/UI/Food Bar
  artifactKey: Guid(5644808db33fc774793d397800345fed) Importer(815301076,1909f56bfc062723c751e8b465ee728b)
Start importing Assets/Art/UI/Food Bar using Guid(5644808db33fc774793d397800345fed) Importer(815301076,1909f56bfc062723c751e8b465ee728b)  -> (artifact id: '940f72032a93d3f24b963946556de34b') in 0.005767 seconds
  Import took 0.008925 seconds .

========================================================================
Received Import Request.
  Time since last request: 0.761895 seconds.
  path: Assets/Art/UI/Food Bar/Food Bar_0.controller
  artifactKey: Guid(d67b5f081db79e247af0aa73a6a68705) Importer(815301076,1909f56bfc062723c751e8b465ee728b)
Start importing Assets/Art/UI/Food Bar/Food Bar_0.controller using Guid(d67b5f081db79e247af0aa73a6a68705) Importer(815301076,1909f56bfc062723c751e8b465ee728b)  -> (artifact id: '88c961e2804897f02715deb15b83f93f') in 0.009731 seconds
  Import took 0.013864 seconds .

========================================================================
Received Import Request.
  Time since last request: 1.152000 seconds.
  path: Assets/Art/UI/Food Bar/Food Bar_8.controller
  artifactKey: Guid(43e5dcef1a3f80a48919eee3618c98c4) Importer(815301076,1909f56bfc062723c751e8b465ee728b)
Start importing Assets/Art/UI/Food Bar/Food Bar_8.controller using Guid(43e5dcef1a3f80a48919eee3618c98c4) Importer(815301076,1909f56bfc062723c751e8b465ee728b)  -> (artifact id: '5332b54b925229d26b6c32a702635588') in 0.009328 seconds
  Import took 0.015019 seconds .

========================================================================
Received Import Request.
  Time since last request: 5.350405 seconds.
  path: Assets/Art/UI/Food Bar/Food_Bar.controller
  artifactKey: Guid(d67b5f081db79e247af0aa73a6a68705) Importer(815301076,1909f56bfc062723c751e8b465ee728b)
Start importing Assets/Art/UI/Food Bar/Food_Bar.controller using Guid(d67b5f081db79e247af0aa73a6a68705) Importer(815301076,1909f56bfc062723c751e8b465ee728b)  -> (artifact id: '178f41f43165cd5949821c0f410ec174') in 0.011314 seconds
  Import took 0.015827 seconds .

========================================================================
Received Import Request.
  Time since last request: 3.479232 seconds.
  path: Assets/Art/UI/Food Bar/Food Bar.controller
  artifactKey: Guid(d67b5f081db79e247af0aa73a6a68705) Importer(815301076,1909f56bfc062723c751e8b465ee728b)
Start importing Assets/Art/UI/Food Bar/Food Bar.controller using Guid(d67b5f081db79e247af0aa73a6a68705) Importer(815301076,1909f56bfc062723c751e8b465ee728b)  -> (artifact id: 'ae2368657471f45a071d6af79a4a6086') in 0.010139 seconds
  Import took 0.013957 seconds .

========================================================================
Received Import Request.
  Time since last request: 2.879999 seconds.
  path: Assets/Art/UI/Food Bar/FoodBar_Big.anim
  artifactKey: Guid(81babcbb239eff64385b7fc51baa97b4) Importer(815301076,1909f56bfc062723c751e8b465ee728b)
Start importing Assets/Art/UI/Food Bar/FoodBar_Big.anim using Guid(81babcbb239eff64385b7fc51baa97b4) Importer(815301076,1909f56bfc062723c751e8b465ee728b)  -> (artifact id: 'c51bee07077c3ce68ab2daac7f75041f') in 0.010189 seconds
  Import took 0.014051 seconds .

========================================================================
Received Import Request.
  Time since last request: 0.001059 seconds.
  path: Assets/Art/UI/Food Bar/FoodBar_Big.anim
  artifactKey: Guid(81babcbb239eff64385b7fc51baa97b4) Importer(815301076,1909f56bfc062723c751e8b465ee728b)
Start importing Assets/Art/UI/Food Bar/FoodBar_Big.anim using Guid(81babcbb239eff64385b7fc51baa97b4) Importer(815301076,1909f56bfc062723c751e8b465ee728b)  -> (artifact id: 'c51bee07077c3ce68ab2daac7f75041f') in 0.009472 seconds
  Import took 0.013661 seconds .

========================================================================
Received Import Request.
  Time since last request: 0.371638 seconds.
  path: Assets/Art/UI/Food Bar/FoodBar_Empty.anim
  artifactKey: Guid(6c520dc0986cebb4583b5f160ae41740) Importer(815301076,1909f56bfc062723c751e8b465ee728b)
Start importing Assets/Art/UI/Food Bar/FoodBar_Empty.anim using Guid(6c520dc0986cebb4583b5f160ae41740) Importer(815301076,1909f56bfc062723c751e8b465ee728b)  -> (artifact id: '267c59bcf7fd17054a55abac66479419') in 0.008823 seconds
  Import took 0.017426 seconds .

========================================================================
Received Import Request.
  Time since last request: 0.386231 seconds.
  path: Assets/Art/UI/Food Bar/FoodBar_Little.anim
  artifactKey: Guid(6a8757c420bbb0849b40ad6365d9f4af) Importer(815301076,1909f56bfc062723c751e8b465ee728b)
Start importing Assets/Art/UI/Food Bar/FoodBar_Little.anim using Guid(6a8757c420bbb0849b40ad6365d9f4af) Importer(815301076,1909f56bfc062723c751e8b465ee728b)  -> (artifact id: '3812f643ee7bd105a7786c4a0fae1b82') in 0.009003 seconds
  Import took 0.013671 seconds .

========================================================================
Received Import Request.
  Time since last request: 12.647922 seconds.
  path: Assets/Art/UI/Food Bar/Food Bar.controller
  artifactKey: Guid(d67b5f081db79e247af0aa73a6a68705) Importer(815301076,1909f56bfc062723c751e8b465ee728b)
Start importing Assets/Art/UI/Food Bar/Food Bar.controller using Guid(d67b5f081db79e247af0aa73a6a68705) Importer(815301076,1909f56bfc062723c751e8b465ee728b)  -> (artifact id: 'e0a61405d5a7b42556dc90f39d927030') in 0.008158 seconds
  Import took 0.015242 seconds .

========================================================================
Received Import Request.
  Time since last request: 1.865629 seconds.
  path: Assets/Art/UI/Food Bar/Food Bar.controller
  artifactKey: Guid(d67b5f081db79e247af0aa73a6a68705) Importer(815301076,1909f56bfc062723c751e8b465ee728b)
Start importing Assets/Art/UI/Food Bar/Food Bar.controller using Guid(d67b5f081db79e247af0aa73a6a68705) Importer(815301076,1909f56bfc062723c751e8b465ee728b)  -> (artifact id: '2c0737dae4ff71f72afa1fb0162cf66e') in 0.010824 seconds
  Import took 0.015757 seconds .

========================================================================
Received Import Request.
  Time since last request: 157.556456 seconds.
  path: Assets/Art/UI/Food Bar/Food Bar.controller
  artifactKey: Guid(d67b5f081db79e247af0aa73a6a68705) Importer(815301076,1909f56bfc062723c751e8b465ee728b)
Start importing Assets/Art/UI/Food Bar/Food Bar.controller using Guid(d67b5f081db79e247af0aa73a6a68705) Importer(815301076,1909f56bfc062723c751e8b465ee728b)  -> (artifact id: '1382c1364ef6005de76f69f873e277ca') in 0.025778 seconds
  Import took 0.032474 seconds .

========================================================================
Received Import Request.
  Time since last request: 263.976585 seconds.
  path: Assets/Art/UI/Food Bar/Food Bar.controller
  artifactKey: Guid(d67b5f081db79e247af0aa73a6a68705) Importer(815301076,1909f56bfc062723c751e8b465ee728b)
Start importing Assets/Art/UI/Food Bar/Food Bar.controller using Guid(d67b5f081db79e247af0aa73a6a68705) Importer(815301076,1909f56bfc062723c751e8b465ee728b)  -> (artifact id: 'c08b1e9e2f843ec0102ce39aaa3da6f1') in 0.029276 seconds
  Import took 0.039644 seconds .

========================================================================
Received Import Request.
  Time since last request: 0.978336 seconds.
  path: Assets/Art/UI/Food Bar/Food Bar.controller
  artifactKey: Guid(d67b5f081db79e247af0aa73a6a68705) Importer(815301076,1909f56bfc062723c751e8b465ee728b)
Start importing Assets/Art/UI/Food Bar/Food Bar.controller using Guid(d67b5f081db79e247af0aa73a6a68705) Importer(815301076,1909f56bfc062723c751e8b465ee728b)  -> (artifact id: 'c0f38c634e6459357b1f2a7f778f6124') in 0.012703 seconds
  Import took 0.017117 seconds .

========================================================================
Received Prepare
Registering precompiled user dll's ...
Registered in 0.001024 seconds.
Begin MonoManager ReloadAssembly
Native extension for WindowsStandalone target not found
Refreshing native plugins compatible for Editor in 0.36 ms, found 1 plugins.
Preloading 0 native plugins for Editor in 0.00 ms.
Invoked RoslynAnalysisRunner static constructor.
RoslynAnalysisRunner will not be running.
RoslynAnalysisRunner has terminated.
Mono: successfully reloaded assembly
- Completed reload, in  0.882 seconds
Platform modules already initialized, skipping
Refreshing native plugins compatible for Editor in 0.44 ms, found 1 plugins.
Preloading 0 native plugins for Editor in 0.00 ms.
Unloading 1820 Unused Serialized files (Serialized files now loaded: 0)
System memory in use before: 89.8 MB.
System memory in use after: 89.8 MB.

Unloading 12 unused Assets to reduce memory usage. Loaded Objects now: 2362.
Total: 2.100800 ms (FindLiveObjects: 0.228500 ms CreateObjectMapping: 0.085300 ms MarkObjects: 1.667400 ms  DeleteObjects: 0.118700 ms)

========================================================================
Received Prepare
Registering precompiled user dll's ...
Registered in 0.001046 seconds.
Begin MonoManager ReloadAssembly
Native extension for WindowsStandalone target not found
Refreshing native plugins compatible for Editor in 0.73 ms, found 1 plugins.
Preloading 0 native plugins for Editor in 0.00 ms.
Invoked RoslynAnalysisRunner static constructor.
RoslynAnalysisRunner will not be running.
RoslynAnalysisRunner has terminated.
Mono: successfully reloaded assembly
- Completed reload, in  0.848 seconds
Platform modules already initialized, skipping
Refreshing native plugins compatible for Editor in 0.33 ms, found 1 plugins.
Preloading 0 native plugins for Editor in 0.00 ms.
Unloading 1820 Unused Serialized files (Serialized files now loaded: 0)
System memory in use before: 89.9 MB.
System memory in use after: 89.9 MB.

Unloading 12 unused Assets to reduce memory usage. Loaded Objects now: 2365.
Total: 2.020200 ms (FindLiveObjects: 0.220100 ms CreateObjectMapping: 0.080600 ms MarkObjects: 1.598000 ms  DeleteObjects: 0.120600 ms)

========================================================================
Received Prepare
Registering precompiled user dll's ...
Registered in 0.021120 seconds.
Begin MonoManager ReloadAssembly
Native extension for WindowsStandalone target not found
Refreshing native plugins compatible for Editor in 0.36 ms, found 1 plugins.
Preloading 0 native plugins for Editor in 0.00 ms.
Invoked RoslynAnalysisRunner static constructor.
RoslynAnalysisRunner will not be running.
RoslynAnalysisRunner has terminated.
Mono: successfully reloaded assembly
- Completed reload, in  0.969 seconds
Platform modules already initialized, skipping
Refreshing native plugins compatible for Editor in 0.37 ms, found 1 plugins.
Preloading 0 native plugins for Editor in 0.00 ms.
Unloading 1820 Unused Serialized files (Serialized files now loaded: 0)
System memory in use before: 90.0 MB.
System memory in use after: 90.0 MB.

Unloading 12 unused Assets to reduce memory usage. Loaded Objects now: 2368.
Total: 2.885100 ms (FindLiveObjects: 0.188300 ms CreateObjectMapping: 0.154900 ms MarkObjects: 2.443400 ms  DeleteObjects: 0.097300 ms)

========================================================================
Received Prepare
Registering precompiled user dll's ...
Registered in 0.002255 seconds.
Begin MonoManager ReloadAssembly
Native extension for WindowsStandalone target not found
Refreshing native plugins compatible for Editor in 0.38 ms, found 1 plugins.
Preloading 0 native plugins for Editor in 0.01 ms.
Invoked RoslynAnalysisRunner static constructor.
RoslynAnalysisRunner will not be running.
RoslynAnalysisRunner has terminated.
Mono: successfully reloaded assembly
- Completed reload, in  1.208 seconds
Platform modules already initialized, skipping
Refreshing native plugins compatible for Editor in 0.47 ms, found 1 plugins.
Preloading 0 native plugins for Editor in 0.00 ms.
Unloading 1820 Unused Serialized files (Serialized files now loaded: 0)
System memory in use before: 89.1 MB.
System memory in use after: 89.1 MB.

Unloading 12 unused Assets to reduce memory usage. Loaded Objects now: 2371.
Total: 3.102900 ms (FindLiveObjects: 0.406200 ms CreateObjectMapping: 0.133400 ms MarkObjects: 2.444800 ms  DeleteObjects: 0.117000 ms)

========================================================================
Received Prepare
Registering precompiled user dll's ...
Registered in 0.001029 seconds.
Begin MonoManager ReloadAssembly
Native extension for WindowsStandalone target not found
Refreshing native plugins compatible for Editor in 0.33 ms, found 1 plugins.
Preloading 0 native plugins for Editor in 0.00 ms.
Invoked RoslynAnalysisRunner static constructor.
RoslynAnalysisRunner will not be running.
RoslynAnalysisRunner has terminated.
Mono: successfully reloaded assembly
- Completed reload, in  0.833 seconds
Platform modules already initialized, skipping
Refreshing native plugins compatible for Editor in 0.33 ms, found 1 plugins.
Preloading 0 native plugins for Editor in 0.00 ms.
Unloading 1820 Unused Serialized files (Serialized files now loaded: 0)
System memory in use before: 89.2 MB.
System memory in use after: 89.2 MB.

Unloading 12 unused Assets to reduce memory usage. Loaded Objects now: 2374.
Total: 2.286900 ms (FindLiveObjects: 0.256100 ms CreateObjectMapping: 0.080300 ms MarkObjects: 1.810200 ms  DeleteObjects: 0.139300 ms)

========================================================================
Received Prepare
Registering precompiled user dll's ...
Registered in 0.001064 seconds.
Begin MonoManager ReloadAssembly
Native extension for WindowsStandalone target not found
Refreshing native plugins compatible for Editor in 0.33 ms, found 1 plugins.
Preloading 0 native plugins for Editor in 0.00 ms.
Invoked RoslynAnalysisRunner static constructor.
RoslynAnalysisRunner will not be running.
RoslynAnalysisRunner has terminated.
Mono: successfully reloaded assembly
- Completed reload, in  0.955 seconds
Platform modules already initialized, skipping
Refreshing native plugins compatible for Editor in 0.51 ms, found 1 plugins.
Preloading 0 native plugins for Editor in 0.00 ms.
Unloading 1820 Unused Serialized files (Serialized files now loaded: 0)
System memory in use before: 89.3 MB.
System memory in use after: 89.3 MB.

Unloading 12 unused Assets to reduce memory usage. Loaded Objects now: 2377.
Total: 2.946000 ms (FindLiveObjects: 0.279800 ms CreateObjectMapping: 0.097800 ms MarkObjects: 2.436600 ms  DeleteObjects: 0.130600 ms)

========================================================================
Received Prepare
Registering precompiled user dll's ...
Registered in 0.001119 seconds.
Begin MonoManager ReloadAssembly
Native extension for WindowsStandalone target not found
Refreshing native plugins compatible for Editor in 0.41 ms, found 1 plugins.
Preloading 0 native plugins for Editor in 0.00 ms.
Invoked RoslynAnalysisRunner static constructor.
RoslynAnalysisRunner will not be running.
RoslynAnalysisRunner has terminated.
Mono: successfully reloaded assembly
- Completed reload, in  0.832 seconds
Platform modules already initialized, skipping
Refreshing native plugins compatible for Editor in 0.45 ms, found 1 plugins.
Preloading 0 native plugins for Editor in 0.00 ms.
Unloading 1821 Unused Serialized files (Serialized files now loaded: 0)
System memory in use before: 89.4 MB.
System memory in use after: 89.4 MB.

Unloading 12 unused Assets to reduce memory usage. Loaded Objects now: 2381.
Total: 5.872700 ms (FindLiveObjects: 0.336600 ms CreateObjectMapping: 0.867800 ms MarkObjects: 4.530300 ms  DeleteObjects: 0.135600 ms)

========================================================================
Received Prepare
Registering precompiled user dll's ...
Registered in 0.002325 seconds.
Begin MonoManager ReloadAssembly
Native extension for WindowsStandalone target not found
Refreshing native plugins compatible for Editor in 0.53 ms, found 1 plugins.
Preloading 0 native plugins for Editor in 0.00 ms.
Invoked RoslynAnalysisRunner static constructor.
RoslynAnalysisRunner will not be running.
RoslynAnalysisRunner has terminated.
Mono: successfully reloaded assembly
- Completed reload, in  0.897 seconds
Platform modules already initialized, skipping
Refreshing native plugins compatible for Editor in 0.34 ms, found 1 plugins.
Preloading 0 native plugins for Editor in 0.00 ms.
Unloading 1821 Unused Serialized files (Serialized files now loaded: 0)
System memory in use before: 89.5 MB.
System memory in use after: 89.5 MB.

Unloading 12 unused Assets to reduce memory usage. Loaded Objects now: 2384.
Total: 2.092200 ms (FindLiveObjects: 0.197800 ms CreateObjectMapping: 0.070900 ms MarkObjects: 1.727700 ms  DeleteObjects: 0.094800 ms)

========================================================================
Received Prepare
Registering precompiled user dll's ...
Registered in 0.001411 seconds.
Begin MonoManager ReloadAssembly
Native extension for WindowsStandalone target not found
Refreshing native plugins compatible for Editor in 0.34 ms, found 1 plugins.
Preloading 0 native plugins for Editor in 0.00 ms.
Invoked RoslynAnalysisRunner static constructor.
RoslynAnalysisRunner will not be running.
RoslynAnalysisRunner has terminated.
Mono: successfully reloaded assembly
- Completed reload, in  0.912 seconds
Platform modules already initialized, skipping
Refreshing native plugins compatible for Editor in 0.49 ms, found 1 plugins.
Preloading 0 native plugins for Editor in 0.00 ms.
Unloading 1821 Unused Serialized files (Serialized files now loaded: 0)
System memory in use before: 89.6 MB.
System memory in use after: 89.6 MB.

Unloading 12 unused Assets to reduce memory usage. Loaded Objects now: 2387.
Total: 2.543100 ms (FindLiveObjects: 0.272500 ms CreateObjectMapping: 0.110200 ms MarkObjects: 2.052400 ms  DeleteObjects: 0.106600 ms)

========================================================================
Received Prepare
Registering precompiled user dll's ...
Registered in 0.001071 seconds.
Begin MonoManager ReloadAssembly
Native extension for WindowsStandalone target not found
Refreshing native plugins compatible for Editor in 0.35 ms, found 1 plugins.
Preloading 0 native plugins for Editor in 0.00 ms.
Invoked RoslynAnalysisRunner static constructor.
RoslynAnalysisRunner will not be running.
RoslynAnalysisRunner has terminated.
Mono: successfully reloaded assembly
- Completed reload, in  0.983 seconds
Platform modules already initialized, skipping
Refreshing native plugins compatible for Editor in 0.33 ms, found 1 plugins.
Preloading 0 native plugins for Editor in 0.00 ms.
Unloading 1821 Unused Serialized files (Serialized files now loaded: 0)
System memory in use before: 89.7 MB.
System memory in use after: 89.7 MB.

Unloading 12 unused Assets to reduce memory usage. Loaded Objects now: 2390.
Total: 2.241100 ms (FindLiveObjects: 0.307200 ms CreateObjectMapping: 0.073000 ms MarkObjects: 1.715700 ms  DeleteObjects: 0.144200 ms)

========================================================================
Received Prepare
Registering precompiled user dll's ...
Registered in 0.001167 seconds.
Begin MonoManager ReloadAssembly
Native extension for WindowsStandalone target not found
Refreshing native plugins compatible for Editor in 0.33 ms, found 1 plugins.
Preloading 0 native plugins for Editor in 0.00 ms.
Invoked RoslynAnalysisRunner static constructor.
RoslynAnalysisRunner will not be running.
RoslynAnalysisRunner has terminated.
Mono: successfully reloaded assembly
- Completed reload, in  0.917 seconds
Platform modules already initialized, skipping
Refreshing native plugins compatible for Editor in 0.51 ms, found 1 plugins.
Preloading 0 native plugins for Editor in 0.00 ms.
Unloading 1821 Unused Serialized files (Serialized files now loaded: 0)
System memory in use before: 89.8 MB.
System memory in use after: 89.8 MB.

Unloading 12 unused Assets to reduce memory usage. Loaded Objects now: 2393.
Total: 1.834600 ms (FindLiveObjects: 0.227500 ms CreateObjectMapping: 0.076700 ms MarkObjects: 1.432800 ms  DeleteObjects: 0.096700 ms)

========================================================================
Received Import Request.
  Time since last request: 1575.947938 seconds.
  path: Assets/Art/UI/Food Bar/Food Bar.controller
  artifactKey: Guid(d67b5f081db79e247af0aa73a6a68705) Importer(815301076,1909f56bfc062723c751e8b465ee728b)
Start importing Assets/Art/UI/Food Bar/Food Bar.controller using Guid(d67b5f081db79e247af0aa73a6a68705) Importer(815301076,1909f56bfc062723c751e8b465ee728b)  -> (artifact id: 'a944e0eb08408ed6893e748fd4543eb6') in 0.027199 seconds
  Import took 0.032722 seconds .

========================================================================
Received Prepare
Registering precompiled user dll's ...
Registered in 0.039105 seconds.
Begin MonoManager ReloadAssembly
Native extension for WindowsStandalone target not found
Refreshing native plugins compatible for Editor in 0.53 ms, found 1 plugins.
Preloading 0 native plugins for Editor in 0.00 ms.
Invoked RoslynAnalysisRunner static constructor.
RoslynAnalysisRunner will not be running.
RoslynAnalysisRunner has terminated.
Mono: successfully reloaded assembly
- Completed reload, in  0.898 seconds
Platform modules already initialized, skipping
Refreshing native plugins compatible for Editor in 0.44 ms, found 1 plugins.
Preloading 0 native plugins for Editor in 0.00 ms.
Unloading 1821 Unused Serialized files (Serialized files now loaded: 0)
System memory in use before: 89.9 MB.
System memory in use after: 89.9 MB.

Unloading 12 unused Assets to reduce memory usage. Loaded Objects now: 2396.
Total: 2.124700 ms (FindLiveObjects: 0.221500 ms CreateObjectMapping: 0.067000 ms MarkObjects: 1.741000 ms  DeleteObjects: 0.094000 ms)

========================================================================
Received Prepare
Registering precompiled user dll's ...
Registered in 0.001018 seconds.
Begin MonoManager ReloadAssembly
Native extension for WindowsStandalone target not found
Refreshing native plugins compatible for Editor in 0.40 ms, found 1 plugins.
Preloading 0 native plugins for Editor in 0.00 ms.
Invoked RoslynAnalysisRunner static constructor.
RoslynAnalysisRunner will not be running.
RoslynAnalysisRunner has terminated.
Mono: successfully reloaded assembly
- Completed reload, in  0.960 seconds
Platform modules already initialized, skipping
Refreshing native plugins compatible for Editor in 0.36 ms, found 1 plugins.
Preloading 0 native plugins for Editor in 0.00 ms.
Unloading 1821 Unused Serialized files (Serialized files now loaded: 0)
System memory in use before: 90.0 MB.
System memory in use after: 90.0 MB.

Unloading 12 unused Assets to reduce memory usage. Loaded Objects now: 2399.
Total: 1.982500 ms (FindLiveObjects: 0.247000 ms CreateObjectMapping: 0.081300 ms MarkObjects: 1.538900 ms  DeleteObjects: 0.114000 ms)

========================================================================
Received Import Request.
  Time since last request: 540.063474 seconds.
  path: Assets/Art/UI/Food Bar/Food Bar.controller
  artifactKey: Guid(d67b5f081db79e247af0aa73a6a68705) Importer(815301076,1909f56bfc062723c751e8b465ee728b)
Start importing Assets/Art/UI/Food Bar/Food Bar.controller using Guid(d67b5f081db79e247af0aa73a6a68705) Importer(815301076,1909f56bfc062723c751e8b465ee728b)  -> (artifact id: '14d42ef318470e885e4258a147cd94fa') in 0.034746 seconds
  Import took 0.038048 seconds .

========================================================================
Received Prepare
Registering precompiled user dll's ...
Registered in 0.001009 seconds.
Begin MonoManager ReloadAssembly
Native extension for WindowsStandalone target not found
Refreshing native plugins compatible for Editor in 0.34 ms, found 1 plugins.
Preloading 0 native plugins for Editor in 0.00 ms.
Invoked RoslynAnalysisRunner static constructor.
RoslynAnalysisRunner will not be running.
RoslynAnalysisRunner has terminated.
Mono: successfully reloaded assembly
- Completed reload, in  0.910 seconds
Platform modules already initialized, skipping
Refreshing native plugins compatible for Editor in 0.33 ms, found 1 plugins.
Preloading 0 native plugins for Editor in 0.00 ms.
Unloading 1821 Unused Serialized files (Serialized files now loaded: 0)
System memory in use before: 90.1 MB.
System memory in use after: 90.1 MB.

Unloading 12 unused Assets to reduce memory usage. Loaded Objects now: 2402.
Total: 2.076100 ms (FindLiveObjects: 0.246400 ms CreateObjectMapping: 0.064500 ms MarkObjects: 1.641200 ms  DeleteObjects: 0.122800 ms)

========================================================================
Received Prepare
Registering precompiled user dll's ...
Registered in 0.001321 seconds.
Begin MonoManager ReloadAssembly
Native extension for WindowsStandalone target not found
Refreshing native plugins compatible for Editor in 0.33 ms, found 1 plugins.
Preloading 0 native plugins for Editor in 0.00 ms.
Invoked RoslynAnalysisRunner static constructor.
RoslynAnalysisRunner will not be running.
RoslynAnalysisRunner has terminated.
Mono: successfully reloaded assembly
- Completed reload, in  0.851 seconds
Platform modules already initialized, skipping
Refreshing native plugins compatible for Editor in 0.33 ms, found 1 plugins.
Preloading 0 native plugins for Editor in 0.00 ms.
Unloading 1821 Unused Serialized files (Serialized files now loaded: 0)
System memory in use before: 90.1 MB.
System memory in use after: 90.1 MB.

Unloading 12 unused Assets to reduce memory usage. Loaded Objects now: 2405.
Total: 3.120800 ms (FindLiveObjects: 0.243500 ms CreateObjectMapping: 0.160600 ms MarkObjects: 2.530600 ms  DeleteObjects: 0.184500 ms)

========================================================================
Received Prepare
Registering precompiled user dll's ...
Registered in 0.001006 seconds.
Begin MonoManager ReloadAssembly
Native extension for WindowsStandalone target not found
Refreshing native plugins compatible for Editor in 0.33 ms, found 1 plugins.
Preloading 0 native plugins for Editor in 0.00 ms.
Invoked RoslynAnalysisRunner static constructor.
RoslynAnalysisRunner will not be running.
RoslynAnalysisRunner has terminated.
Mono: successfully reloaded assembly
- Completed reload, in  0.959 seconds
Platform modules already initialized, skipping
Refreshing native plugins compatible for Editor in 0.38 ms, found 1 plugins.
Preloading 0 native plugins for Editor in 0.00 ms.
Unloading 1821 Unused Serialized files (Serialized files now loaded: 0)
System memory in use before: 89.2 MB.
System memory in use after: 89.2 MB.

Unloading 12 unused Assets to reduce memory usage. Loaded Objects now: 2408.
Total: 1.958100 ms (FindLiveObjects: 0.229100 ms CreateObjectMapping: 0.094500 ms MarkObjects: 1.544000 ms  DeleteObjects: 0.089500 ms)

========================================================================
Received Prepare
Registering precompiled user dll's ...
Registered in 0.001090 seconds.
Begin MonoManager ReloadAssembly
Native extension for WindowsStandalone target not found
Refreshing native plugins compatible for Editor in 0.34 ms, found 1 plugins.
Preloading 0 native plugins for Editor in 0.00 ms.
Invoked RoslynAnalysisRunner static constructor.
RoslynAnalysisRunner will not be running.
RoslynAnalysisRunner has terminated.
Mono: successfully reloaded assembly
- Completed reload, in  0.887 seconds
Platform modules already initialized, skipping
Refreshing native plugins compatible for Editor in 0.34 ms, found 1 plugins.
Preloading 0 native plugins for Editor in 0.00 ms.
Unloading 1822 Unused Serialized files (Serialized files now loaded: 0)
System memory in use before: 89.4 MB.
System memory in use after: 89.4 MB.

Unloading 12 unused Assets to reduce memory usage. Loaded Objects now: 2412.
Total: 1.965000 ms (FindLiveObjects: 0.186800 ms CreateObjectMapping: 0.069100 ms MarkObjects: 1.621400 ms  DeleteObjects: 0.086900 ms)

========================================================================
Received Prepare
Registering precompiled user dll's ...
Registered in 0.001337 seconds.
Begin MonoManager ReloadAssembly
Native extension for WindowsStandalone target not found
Refreshing native plugins compatible for Editor in 0.44 ms, found 1 plugins.
Preloading 0 native plugins for Editor in 0.00 ms.
Invoked RoslynAnalysisRunner static constructor.
RoslynAnalysisRunner will not be running.
RoslynAnalysisRunner has terminated.
Mono: successfully reloaded assembly
- Completed reload, in  0.948 seconds
Platform modules already initialized, skipping
Refreshing native plugins compatible for Editor in 0.36 ms, found 1 plugins.
Preloading 0 native plugins for Editor in 0.00 ms.
Unloading 1822 Unused Serialized files (Serialized files now loaded: 0)
System memory in use before: 89.4 MB.
System memory in use after: 89.4 MB.

Unloading 12 unused Assets to reduce memory usage. Loaded Objects now: 2415.
Total: 2.058300 ms (FindLiveObjects: 0.190400 ms CreateObjectMapping: 0.067600 ms MarkObjects: 1.708800 ms  DeleteObjects: 0.090700 ms)

========================================================================
Received Prepare
Registering precompiled user dll's ...
Registered in 0.001158 seconds.
Begin MonoManager ReloadAssembly
Native extension for WindowsStandalone target not found
Refreshing native plugins compatible for Editor in 0.48 ms, found 1 plugins.
Preloading 0 native plugins for Editor in 0.00 ms.
Invoked RoslynAnalysisRunner static constructor.
RoslynAnalysisRunner will not be running.
RoslynAnalysisRunner has terminated.
Mono: successfully reloaded assembly
- Completed reload, in  0.976 seconds
Platform modules already initialized, skipping
Refreshing native plugins compatible for Editor in 0.33 ms, found 1 plugins.
Preloading 0 native plugins for Editor in 0.00 ms.
Unloading 1822 Unused Serialized files (Serialized files now loaded: 0)
System memory in use before: 89.5 MB.
System memory in use after: 89.5 MB.

Unloading 12 unused Assets to reduce memory usage. Loaded Objects now: 2418.
Total: 2.025100 ms (FindLiveObjects: 0.200000 ms CreateObjectMapping: 0.065100 ms MarkObjects: 1.625700 ms  DeleteObjects: 0.133300 ms)

========================================================================
Received Prepare
Registering precompiled user dll's ...
Registered in 0.001368 seconds.
Begin MonoManager ReloadAssembly
Native extension for WindowsStandalone target not found
Refreshing native plugins compatible for Editor in 0.38 ms, found 1 plugins.
Preloading 0 native plugins for Editor in 0.00 ms.
Invoked RoslynAnalysisRunner static constructor.
RoslynAnalysisRunner will not be running.
RoslynAnalysisRunner has terminated.
Mono: successfully reloaded assembly
- Completed reload, in  1.066 seconds
Platform modules already initialized, skipping
Refreshing native plugins compatible for Editor in 0.33 ms, found 1 plugins.
Preloading 0 native plugins for Editor in 0.00 ms.
Unloading 1822 Unused Serialized files (Serialized files now loaded: 0)
System memory in use before: 89.6 MB.
System memory in use after: 89.6 MB.

Unloading 12 unused Assets to reduce memory usage. Loaded Objects now: 2421.
Total: 2.009000 ms (FindLiveObjects: 0.188800 ms CreateObjectMapping: 0.068700 ms MarkObjects: 1.628200 ms  DeleteObjects: 0.121900 ms)

========================================================================
Received Prepare
Registering precompiled user dll's ...
Registered in 0.001023 seconds.
Begin MonoManager ReloadAssembly
Native extension for WindowsStandalone target not found
Refreshing native plugins compatible for Editor in 0.33 ms, found 1 plugins.
Preloading 0 native plugins for Editor in 0.00 ms.
Invoked RoslynAnalysisRunner static constructor.
RoslynAnalysisRunner will not be running.
RoslynAnalysisRunner has terminated.
Mono: successfully reloaded assembly
- Completed reload, in  0.852 seconds
Platform modules already initialized, skipping
Refreshing native plugins compatible for Editor in 0.34 ms, found 1 plugins.
Preloading 0 native plugins for Editor in 0.00 ms.
Unloading 1822 Unused Serialized files (Serialized files now loaded: 0)
System memory in use before: 89.7 MB.
System memory in use after: 89.7 MB.

Unloading 12 unused Assets to reduce memory usage. Loaded Objects now: 2424.
Total: 2.709300 ms (FindLiveObjects: 0.234000 ms CreateObjectMapping: 0.079800 ms MarkObjects: 2.257900 ms  DeleteObjects: 0.136400 ms)

========================================================================
Received Prepare
Registering precompiled user dll's ...
Registered in 0.001574 seconds.
Begin MonoManager ReloadAssembly
Native extension for WindowsStandalone target not found
Refreshing native plugins compatible for Editor in 0.35 ms, found 1 plugins.
Preloading 0 native plugins for Editor in 0.00 ms.
Invoked RoslynAnalysisRunner static constructor.
RoslynAnalysisRunner will not be running.
RoslynAnalysisRunner has terminated.
Mono: successfully reloaded assembly
- Completed reload, in  0.929 seconds
Platform modules already initialized, skipping
Refreshing native plugins compatible for Editor in 0.44 ms, found 1 plugins.
Preloading 0 native plugins for Editor in 0.00 ms.
Unloading 1822 Unused Serialized files (Serialized files now loaded: 0)
System memory in use before: 89.8 MB.
System memory in use after: 89.8 MB.

Unloading 12 unused Assets to reduce memory usage. Loaded Objects now: 2427.
Total: 2.573400 ms (FindLiveObjects: 0.319500 ms CreateObjectMapping: 0.186000 ms MarkObjects: 1.957600 ms  DeleteObjects: 0.108500 ms)

========================================================================
Received Import Request.
  Time since last request: 507.617198 seconds.
  path: Assets/Art/UI/Food Bar/Food Bar.controller
  artifactKey: Guid(d67b5f081db79e247af0aa73a6a68705) Importer(815301076,1909f56bfc062723c751e8b465ee728b)
Start importing Assets/Art/UI/Food Bar/Food Bar.controller using Guid(d67b5f081db79e247af0aa73a6a68705) Importer(815301076,1909f56bfc062723c751e8b465ee728b)  -> (artifact id: '1fae54cd02522a0014d68823a4bae3cb') in 0.021181 seconds
  Import took 0.024824 seconds .

========================================================================
Received Prepare
Registering precompiled user dll's ...
Registered in 0.001133 seconds.
Begin MonoManager ReloadAssembly
Native extension for WindowsStandalone target not found
Refreshing native plugins compatible for Editor in 0.35 ms, found 1 plugins.
Preloading 0 native plugins for Editor in 0.00 ms.
Invoked RoslynAnalysisRunner static constructor.
RoslynAnalysisRunner will not be running.
RoslynAnalysisRunner has terminated.
Mono: successfully reloaded assembly
- Completed reload, in  0.885 seconds
Platform modules already initialized, skipping
Refreshing native plugins compatible for Editor in 0.33 ms, found 1 plugins.
Preloading 0 native plugins for Editor in 0.00 ms.
Unloading 1822 Unused Serialized files (Serialized files now loaded: 0)
System memory in use before: 89.9 MB.
System memory in use after: 89.9 MB.

Unloading 12 unused Assets to reduce memory usage. Loaded Objects now: 2430.
Total: 2.196700 ms (FindLiveObjects: 0.249300 ms CreateObjectMapping: 0.071300 ms MarkObjects: 1.753200 ms  DeleteObjects: 0.122000 ms)

========================================================================
Received Prepare
Registering precompiled user dll's ...
Registered in 0.000982 seconds.
Begin MonoManager ReloadAssembly
Native extension for WindowsStandalone target not found
Refreshing native plugins compatible for Editor in 0.33 ms, found 1 plugins.
Preloading 0 native plugins for Editor in 0.00 ms.
Invoked RoslynAnalysisRunner static constructor.
RoslynAnalysisRunner will not be running.
RoslynAnalysisRunner has terminated.
Mono: successfully reloaded assembly
- Completed reload, in  0.865 seconds
Platform modules already initialized, skipping
Refreshing native plugins compatible for Editor in 0.35 ms, found 1 plugins.
Preloading 0 native plugins for Editor in 0.00 ms.
Unloading 1822 Unused Serialized files (Serialized files now loaded: 0)
System memory in use before: 90.0 MB.
System memory in use after: 90.0 MB.

Unloading 12 unused Assets to reduce memory usage. Loaded Objects now: 2433.
Total: 2.357800 ms (FindLiveObjects: 0.219400 ms CreateObjectMapping: 0.070700 ms MarkObjects: 1.935700 ms  DeleteObjects: 0.130600 ms)

========================================================================
Received Import Request.
  Time since last request: 184.194074 seconds.
  path: Assets/Art/UI/Food Bar/Food Bar.controller
  artifactKey: Guid(d67b5f081db79e247af0aa73a6a68705) Importer(815301076,1909f56bfc062723c751e8b465ee728b)
Start importing Assets/Art/UI/Food Bar/Food Bar.controller using Guid(d67b5f081db79e247af0aa73a6a68705) Importer(815301076,1909f56bfc062723c751e8b465ee728b)  -> (artifact id: '3dffe5d775e20a32f9e4ba42d13612d7') in 0.017788 seconds
  Import took 0.021419 seconds .

========================================================================
Received Import Request.
  Time since last request: 0.229857 seconds.
  path: Assets/Art/UI/Food Bar/Food Bar.controller
  artifactKey: Guid(d67b5f081db79e247af0aa73a6a68705) Importer(815301076,1909f56bfc062723c751e8b465ee728b)
Start importing Assets/Art/UI/Food Bar/Food Bar.controller using Guid(d67b5f081db79e247af0aa73a6a68705) Importer(815301076,1909f56bfc062723c751e8b465ee728b)  -> (artifact id: '0c309405285a4b94c27431229f4152c4') in 0.005475 seconds
  Import took 0.009271 seconds .

========================================================================
Received Prepare
Registering precompiled user dll's ...
Registered in 0.001315 seconds.
Begin MonoManager ReloadAssembly
Native extension for WindowsStandalone target not found
Refreshing native plugins compatible for Editor in 0.33 ms, found 1 plugins.
Preloading 0 native plugins for Editor in 0.00 ms.
Invoked RoslynAnalysisRunner static constructor.
RoslynAnalysisRunner will not be running.
RoslynAnalysisRunner has terminated.
Mono: successfully reloaded assembly
- Completed reload, in  0.857 seconds
Platform modules already initialized, skipping
Refreshing native plugins compatible for Editor in 0.44 ms, found 1 plugins.
Preloading 0 native plugins for Editor in 0.00 ms.
Unloading 1822 Unused Serialized files (Serialized files now loaded: 0)
System memory in use before: 90.1 MB.
System memory in use after: 90.1 MB.

Unloading 12 unused Assets to reduce memory usage. Loaded Objects now: 2436.
Total: 2.334100 ms (FindLiveObjects: 0.214000 ms CreateObjectMapping: 0.075600 ms MarkObjects: 1.947900 ms  DeleteObjects: 0.095500 ms)

========================================================================
Received Prepare
Registering precompiled user dll's ...
Registered in 0.001383 seconds.
Begin MonoManager ReloadAssembly
Native extension for WindowsStandalone target not found
Refreshing native plugins compatible for Editor in 0.33 ms, found 1 plugins.
Preloading 0 native plugins for Editor in 0.00 ms.
Invoked RoslynAnalysisRunner static constructor.
RoslynAnalysisRunner will not be running.
RoslynAnalysisRunner has terminated.
Mono: successfully reloaded assembly
- Completed reload, in  0.906 seconds
Platform modules already initialized, skipping
Refreshing native plugins compatible for Editor in 0.33 ms, found 1 plugins.
Preloading 0 native plugins for Editor in 0.00 ms.
Unloading 1822 Unused Serialized files (Serialized files now loaded: 0)
System memory in use before: 90.2 MB.
System memory in use after: 90.2 MB.

Unloading 12 unused Assets to reduce memory usage. Loaded Objects now: 2439.
Total: 2.394300 ms (FindLiveObjects: 0.483200 ms CreateObjectMapping: 0.091800 ms MarkObjects: 1.721400 ms  DeleteObjects: 0.096900 ms)

========================================================================
Received Prepare
Registering precompiled user dll's ...
Registered in 0.001069 seconds.
Begin MonoManager ReloadAssembly
Native extension for WindowsStandalone target not found
Refreshing native plugins compatible for Editor in 0.40 ms, found 1 plugins.
Preloading 0 native plugins for Editor in 0.00 ms.
Invoked RoslynAnalysisRunner static constructor.
RoslynAnalysisRunner will not be running.
RoslynAnalysisRunner has terminated.
Mono: successfully reloaded assembly
- Completed reload, in  0.916 seconds
Platform modules already initialized, skipping
Refreshing native plugins compatible for Editor in 0.38 ms, found 1 plugins.
Preloading 0 native plugins for Editor in 0.00 ms.
Unloading 1822 Unused Serialized files (Serialized files now loaded: 0)
System memory in use before: 90.2 MB.
System memory in use after: 90.2 MB.

Unloading 12 unused Assets to reduce memory usage. Loaded Objects now: 2442.
Total: 2.315800 ms (FindLiveObjects: 0.264600 ms CreateObjectMapping: 0.106100 ms MarkObjects: 1.810200 ms  DeleteObjects: 0.133900 ms)

========================================================================
Received Prepare
Registering precompiled user dll's ...
Registered in 0.001033 seconds.
Begin MonoManager ReloadAssembly
Native extension for WindowsStandalone target not found
Refreshing native plugins compatible for Editor in 0.33 ms, found 1 plugins.
Preloading 0 native plugins for Editor in 0.00 ms.
Invoked RoslynAnalysisRunner static constructor.
RoslynAnalysisRunner will not be running.
RoslynAnalysisRunner has terminated.
Mono: successfully reloaded assembly
- Completed reload, in  0.821 seconds
Platform modules already initialized, skipping
Refreshing native plugins compatible for Editor in 0.34 ms, found 1 plugins.
Preloading 0 native plugins for Editor in 0.00 ms.
Unloading 1822 Unused Serialized files (Serialized files now loaded: 0)
System memory in use before: 89.4 MB.
System memory in use after: 89.4 MB.

Unloading 12 unused Assets to reduce memory usage. Loaded Objects now: 2445.
Total: 2.142800 ms (FindLiveObjects: 0.342200 ms CreateObjectMapping: 0.082400 ms MarkObjects: 1.592100 ms  DeleteObjects: 0.125000 ms)

AssetImportWorkerClient::OnTransportError - code=2 error=End of file
